Copyright 1986-2020 Xilinx, Inc. All Rights Reserved.
-----------------------------------------------------------------------------------------------------------------------------
| Tool Version : Vivado v.2020.2 (lin64) Build 3064766 Wed Nov 18 09:12:47 MST 2020
| Date         : Thu Aug 25 21:37:45 2022
| Host         : Yuhao running 64-bit Ubuntu 22.04.1 LTS
| Command      : report_utilization -file adder_bd_wrapper_utilization_placed.rpt -pb adder_bd_wrapper_utilization_placed.pb
| Design       : adder_bd_wrapper
| Device       : xczu3egsbva484-1
| Design State : Fully Placed
-----------------------------------------------------------------------------------------------------------------------------

Utilization Design Information

Table of Contents
-----------------
1. CLB Logic
1.1 Summary of Registers by Type
2. CLB Logic Distribution
3. BLOCKRAM
4. ARITHMETIC
5. I/O
6. CLOCK
7. ADVANCED
8. CONFIGURATION
9. Primitives
10. Black Boxes
11. Instantiated Netlists

1. CLB Logic
------------

+----------------------------+------+-------+-----------+-------+
|          Site Type         | Used | Fixed | Available | Util% |
+----------------------------+------+-------+-----------+-------+
| CLB LUTs                   | 1405 |     0 |     70560 |  1.99 |
|   LUT as Logic             | 1319 |     0 |     70560 |  1.87 |
|   LUT as Memory            |   86 |     0 |     28800 |  0.30 |
|     LUT as Distributed RAM |   40 |     0 |           |       |
|     LUT as Shift Register  |   46 |     0 |           |       |
| CLB Registers              | 2015 |     0 |    141120 |  1.43 |
|   Register as Flip Flop    | 2015 |     0 |    141120 |  1.43 |
|   Register as Latch        |    0 |     0 |    141120 |  0.00 |
| CARRY8                     |   12 |     0 |      8820 |  0.14 |
| F7 Muxes                   |    2 |     0 |     35280 | <0.01 |
| F8 Muxes                   |    0 |     0 |     17640 |  0.00 |
| F9 Muxes                   |    0 |     0 |      8820 |  0.00 |
+----------------------------+------+-------+-----------+-------+


1.1 Summary of Registers by Type
--------------------------------

+-------+--------------+-------------+--------------+
| Total | Clock Enable | Synchronous | Asynchronous |
+-------+--------------+-------------+--------------+
| 0     |            _ |           - |            - |
| 0     |            _ |           - |          Set |
| 0     |            _ |           - |        Reset |
| 0     |            _ |         Set |            - |
| 0     |            _ |       Reset |            - |
| 0     |          Yes |           - |            - |
| 33    |          Yes |           - |          Set |
| 69    |          Yes |           - |        Reset |
| 59    |          Yes |         Set |            - |
| 1854  |          Yes |       Reset |            - |
+-------+--------------+-------------+--------------+


2. CLB Logic Distribution
-------------------------

+--------------------------------------------+------+-------+-----------+-------+
|                  Site Type                 | Used | Fixed | Available | Util% |
+--------------------------------------------+------+-------+-----------+-------+
| CLB                                        |  324 |     0 |      8820 |  3.67 |
|   CLBL                                     |  201 |     0 |           |       |
|   CLBM                                     |  123 |     0 |           |       |
| LUT as Logic                               | 1319 |     0 |     70560 |  1.87 |
|   using O5 output only                     |   45 |       |           |       |
|   using O6 output only                     |  904 |       |           |       |
|   using O5 and O6                          |  370 |       |           |       |
| LUT as Memory                              |   86 |     0 |     28800 |  0.30 |
|   LUT as Distributed RAM                   |   40 |     0 |           |       |
|     using O5 output only                   |    0 |       |           |       |
|     using O6 output only                   |    0 |       |           |       |
|     using O5 and O6                        |   40 |       |           |       |
|   LUT as Shift Register                    |   46 |     0 |           |       |
|     using O5 output only                   |    0 |       |           |       |
|     using O6 output only                   |   46 |       |           |       |
|     using O5 and O6                        |    0 |       |           |       |
| CLB Registers                              | 2015 |     0 |    141120 |  1.43 |
|   Register driven from within the CLB      |  951 |       |           |       |
|   Register driven from outside the CLB     | 1064 |       |           |       |
|     LUT in front of the register is unused |  773 |       |           |       |
|     LUT in front of the register is used   |  291 |       |           |       |
| Unique Control Sets                        |  105 |       |     17640 |  0.60 |
+--------------------------------------------+------+-------+-----------+-------+
* * Note: Available Control Sets calculated as Slices * 2, Review the Control Sets Report for more information regarding control sets.


3. BLOCKRAM
-----------

+----------------+------+-------+-----------+-------+
|    Site Type   | Used | Fixed | Available | Util% |
+----------------+------+-------+-----------+-------+
| Block RAM Tile |    0 |     0 |       216 |  0.00 |
|   RAMB36/FIFO* |    0 |     0 |       216 |  0.00 |
|   RAMB18       |    0 |     0 |       432 |  0.00 |
+----------------+------+-------+-----------+-------+
* Note: Each Block RAM Tile only has one FIFO logic available and therefore can accommodate only one FIFO36E2 or one FIFO18E2. However, if a FIFO18E2 occupies a Block RAM Tile, that tile can still accommodate a RAMB18E2


4. ARITHMETIC
-------------

+-----------+------+-------+-----------+-------+
| Site Type | Used | Fixed | Available | Util% |
+-----------+------+-------+-----------+-------+
| DSPs      |    0 |     0 |       360 |  0.00 |
+-----------+------+-------+-----------+-------+


5. I/O
------

+------------------+------+-------+-----------+-------+
|     Site Type    | Used | Fixed | Available | Util% |
+------------------+------+-------+-----------+-------+
| Bonded IOB       |    0 |     0 |        82 |  0.00 |
| HPIOB_M          |    0 |     0 |        26 |  0.00 |
| HPIOB_S          |    0 |     0 |        26 |  0.00 |
| HDIOB_M          |    0 |     0 |        12 |  0.00 |
| HDIOB_S          |    0 |     0 |        12 |  0.00 |
| HPIOB_SNGL       |    0 |     0 |         6 |  0.00 |
| HPIOBDIFFINBUF   |    0 |     0 |        72 |  0.00 |
| HPIOBDIFFOUTBUF  |    0 |     0 |        72 |  0.00 |
| HDIOBDIFFINBUF   |    0 |     0 |        48 |  0.00 |
| BITSLICE_CONTROL |    0 |     0 |        24 |  0.00 |
| BITSLICE_RX_TX   |    0 |     0 |       156 |  0.00 |
| BITSLICE_TX      |    0 |     0 |        24 |  0.00 |
| RIU_OR           |    0 |     0 |        12 |  0.00 |
+------------------+------+-------+-----------+-------+


6. CLOCK
--------

+----------------------+------+-------+-----------+-------+
|       Site Type      | Used | Fixed | Available | Util% |
+----------------------+------+-------+-----------+-------+
| GLOBAL CLOCK BUFFERs |    1 |     0 |       196 |  0.51 |
|   BUFGCE             |    0 |     0 |        88 |  0.00 |
|   BUFGCE_DIV         |    0 |     0 |        12 |  0.00 |
|   BUFG_PS            |    1 |     0 |        72 |  1.39 |
|   BUFGCTRL*          |    0 |     0 |        24 |  0.00 |
| PLL                  |    0 |     0 |         6 |  0.00 |
| MMCM                 |    0 |     0 |         3 |  0.00 |
+----------------------+------+-------+-----------+-------+
* Note: Each used BUFGCTRL counts as two GLOBAL CLOCK BUFFERs. This table does not include global clocking resources, only buffer cell usage. See the Clock Utilization Report (report_clock_utilization) for detailed accounting of global clocking resource availability.


7. ADVANCED
-----------

+-----------+------+-------+-----------+--------+
| Site Type | Used | Fixed | Available |  Util% |
+-----------+------+-------+-----------+--------+
| PS8       |    1 |     0 |         1 | 100.00 |
| SYSMONE4  |    0 |     0 |         1 |   0.00 |
+-----------+------+-------+-----------+--------+


8. CONFIGURATION
----------------

+-------------+------+-------+-----------+-------+
|  Site Type  | Used | Fixed | Available | Util% |
+-------------+------+-------+-----------+-------+
| BSCANE2     |    0 |     0 |         4 |  0.00 |
| DNA_PORTE2  |    0 |     0 |         1 |  0.00 |
| EFUSE_USR   |    0 |     0 |         1 |  0.00 |
| FRAME_ECCE4 |    0 |     0 |         1 |  0.00 |
| ICAPE3      |    0 |     0 |         2 |  0.00 |
| MASTER_JTAG |    0 |     0 |         1 |  0.00 |
| STARTUPE3   |    0 |     0 |         1 |  0.00 |
+-------------+------+-------+-----------+-------+


9. Primitives
-------------

+----------+------+---------------------+
| Ref Name | Used | Functional Category |
+----------+------+---------------------+
| FDRE     | 1854 |            Register |
| LUT6     |  611 |                 CLB |
| LUT3     |  319 |                 CLB |
| LUT5     |  268 |                 CLB |
| LUT4     |  241 |                 CLB |
| LUT2     |  196 |                 CLB |
| RAMD32   |   70 |                 CLB |
| FDCE     |   69 |            Register |
| FDSE     |   59 |            Register |
| LUT1     |   54 |                 CLB |
| SRLC32E  |   35 |                 CLB |
| FDPE     |   33 |            Register |
| CARRY8   |   12 |                 CLB |
| SRL16E   |   11 |                 CLB |
| RAMS32   |   10 |                 CLB |
| MUXF7    |    2 |                 CLB |
| PS8      |    1 |            Advanced |
| BUFG_PS  |    1 |               Clock |
+----------+------+---------------------+


10. Black Boxes
---------------

+----------+------+
| Ref Name | Used |
+----------+------+


11. Instantiated Netlists
-------------------------

+------------------------------+------+
|           Ref Name           | Used |
+------------------------------+------+
| adder_bd_zynq_ultra_ps_e_0_0 |    1 |
| adder_bd_xbar_0              |    1 |
| adder_bd_rst_ps8_0_100M_0    |    1 |
| adder_bd_axi_gpio_0_2        |    1 |
| adder_bd_axi_gpio_0_1        |    1 |
| adder_bd_axi_gpio_0_0        |    1 |
| adder_bd_auto_pc_0           |    1 |
| adder_bd_auto_ds_0           |    1 |
| adder_bd_Adder_0_0           |    1 |
+------------------------------+------+


